<?xml version="1.0" encoding="UTF-8"?>
<!-- Generated by org.testng.reporters.JUnitXMLReporter -->
<testsuite hostname="suraj-PC" name="Command line test" tests="1" failures="1" timestamp="27 Jul 2020 13:12:22 GMT" time="8.915" errors="0">
  <testcase name="testTestNG1" time="8.61" classname="tests.TestNGDemo">
    <failure type="java.lang.NullPointerException">
      <![CDATA[java.lang.NullPointerException
	at tests.TestNGDemo.testTestNG1(TestNGDemo.java:34)
	at TestNGRunnerClass.main(TestNGRunnerClass.java:25)
... Removed 21 stack frames]]>
    </failure>
  </testcase> <!-- testTestNG1 -->
</testsuite> <!-- Command line test -->
